<?xml version="1.0" encoding="UTF-8"?>
<testng-results ignored="0" total="1" passed="1" failed="0" skipped="0">
  <reporter-output>
    <line>
      <![CDATA[Done]]>
    </line>
  </reporter-output>
  <suite started-at="2021-03-17T10:41:13 IST" name="Suite" finished-at="2021-03-17T10:41:32 IST" duration-ms="18886">
    <groups>
    </groups>
    <test started-at="2021-03-17T10:41:13 IST" name="Test" finished-at="2021-03-17T10:41:32 IST" duration-ms="18886">
      <class name="helloworld.HelloWorld">
        <test-method signature="openBrowser()[pri:0, instance:helloworld.HelloWorld@10d68fcd]" started-at="2021-03-17T10:41:13 IST" name="openBrowser" finished-at="2021-03-17T10:41:32 IST" duration-ms="18834" status="PASS">
          <reporter-output>
            <line>
              <![CDATA[Done]]>
            </line>
          </reporter-output>
        </test-method> <!-- openBrowser -->
      </class> <!-- helloworld.HelloWorld -->
    </test> <!-- Test -->
  </suite> <!-- Suite -->
</testng-results>
